;  LST file generated by mikroListExporter - v.2.0 
; Date/Time: 20/01/2018 17:40:26
;----------------------------------------------

;Address Opcode 	ASM
0x0000	0x2816      	GOTO       22
_____DoICP:
;__Lib_System.c,6 :: 		
;__Lib_System.c,9 :: 		
0x0003	0x1283      	BCF        STATUS, 5
0x0004	0x1303      	BCF        STATUS, 6
0x0005	0x0821      	MOVF       ___DoICPAddr+1, 0
0x0006	0x008A      	MOVWF      PCLATH
;__Lib_System.c,10 :: 		
0x0007	0x0820      	MOVF       ___DoICPAddr, 0
0x0008	0x0082      	MOVWF      PCL
;__Lib_System.c,12 :: 		
L_end_____DoICP:
0x0009	0x0008      	RETURN
; end of _____DoICP
___CC2DW:
;__Lib_System.c,134 :: 		
;__Lib_System.c,137 :: 		
_CC2D_Loop1:
;__Lib_System.c,139 :: 		
0x000A	0x2003      	CALL       _____DoICP
0x000B	0x118A      	BCF        PCLATH, 3
0x000C	0x120A      	BCF        PCLATH, 4
;__Lib_System.c,141 :: 		
0x000D	0x0080      	MOVWF      INDF
;__Lib_System.c,142 :: 		
0x000E	0x0A84      	INCF       FSR, 1
;__Lib_System.c,143 :: 		
0x000F	0x0AA0      	INCF       ___DoICPAddr, 1
;__Lib_System.c,145 :: 		
0x0010	0x1903      	BTFSC      STATUS, 2
;__Lib_System.c,146 :: 		
0x0011	0x0AA1      	INCF       ___DoICPAddr+1, 1
;__Lib_System.c,147 :: 		
0x0012	0x03F0      	DECF       R0, 1
;__Lib_System.c,149 :: 		
0x0013	0x1D03      	BTFSS      STATUS, 2
;__Lib_System.c,150 :: 		
0x0014	0x280A      	GOTO       _CC2D_Loop1
;__Lib_System.c,152 :: 		
L_end___CC2DW:
0x0015	0x0008      	RETURN
; end of ___CC2DW
_main:
;MyProject.c,8 :: 		void main() {
;MyProject.c,10 :: 		TRISA = 0b11111000;
0x0016	0x30F8      	MOVLW      248
0x0017	0x1683      	BSF        STATUS, 5
0x0018	0x1303      	BCF        STATUS, 6
0x0019	0x0085      	MOVWF      TRISA
;MyProject.c,11 :: 		TRISB = 0b11111000;
0x001A	0x30F8      	MOVLW      248
0x001B	0x0086      	MOVWF      TRISB
;MyProject.c,12 :: 		TRISC = 0b11000000;
0x001C	0x30C0      	MOVLW      192
0x001D	0x0087      	MOVWF      TRISC
;MyProject.c,13 :: 		TRISD = 0b00000000;
0x001E	0x0188      	CLRF       TRISD
;MyProject.c,14 :: 		PORTB = 0b00000000;
0x001F	0x1283      	BCF        STATUS, 5
0x0020	0x0186      	CLRF       PORTB
;MyProject.c,15 :: 		PORTA = 0b00000000;
0x0021	0x0185      	CLRF       PORTA
;MyProject.c,16 :: 		PORTD = 0b00000000;
0x0022	0x0188      	CLRF       PORTD
;MyProject.c,17 :: 		PORTC = 0b00000000;
0x0023	0x0187      	CLRF       PORTC
;MyProject.c,19 :: 		if ((RA0_bit = 1) && (RA1_bit = 1) && (RA2_bit = 1) && (RA3_bit = 1) && (RA4_bit = 1))
0x0024	0x1405      	BSF        RA0_bit, 0
0x0025	0x1C05      	BTFSS      RA0_bit, 0
0x0026	0x284B      	GOTO       L_main2
0x0027	0x1485      	BSF        RA1_bit, 1
0x0028	0x1C85      	BTFSS      RA1_bit, 1
0x0029	0x284B      	GOTO       L_main2
0x002A	0x1505      	BSF        RA2_bit, 2
0x002B	0x1D05      	BTFSS      RA2_bit, 2
0x002C	0x284B      	GOTO       L_main2
0x002D	0x1585      	BSF        RA3_bit, 3
0x002E	0x1D85      	BTFSS      RA3_bit, 3
0x002F	0x284B      	GOTO       L_main2
0x0030	0x1605      	BSF        RA4_bit, 4
0x0031	0x1E05      	BTFSS      RA4_bit, 4
0x0032	0x284B      	GOTO       L_main2
L__main149:
;MyProject.c,21 :: 		while ((RA0_bit = 1) && (RA1_bit = 1) && (RA2_bit = 1) && (RA3_bit = 1) && (RA4_bit = 1))
L_main3:
0x0033	0x1405      	BSF        RA0_bit, 0
0x0034	0x1C05      	BTFSS      RA0_bit, 0
0x0035	0x284B      	GOTO       L_main4
0x0036	0x1485      	BSF        RA1_bit, 1
0x0037	0x1C85      	BTFSS      RA1_bit, 1
0x0038	0x284B      	GOTO       L_main4
0x0039	0x1505      	BSF        RA2_bit, 2
0x003A	0x1D05      	BTFSS      RA2_bit, 2
0x003B	0x284B      	GOTO       L_main4
0x003C	0x1585      	BSF        RA3_bit, 3
0x003D	0x1D85      	BTFSS      RA3_bit, 3
0x003E	0x284B      	GOTO       L_main4
0x003F	0x1605      	BSF        RA4_bit, 4
0x0040	0x1E05      	BTFSS      RA4_bit, 4
0x0041	0x284B      	GOTO       L_main4
L__main148:
;MyProject.c,23 :: 		RD0_bit = 1;
0x0042	0x1408      	BSF        RD0_bit, 0
;MyProject.c,24 :: 		RD1_bit = 1;
0x0043	0x1488      	BSF        RD1_bit, 1
;MyProject.c,25 :: 		RD2_bit = 1;
0x0044	0x1508      	BSF        RD2_bit, 2
;MyProject.c,26 :: 		RD3_bit = 1;
0x0045	0x1588      	BSF        RD3_bit, 3
;MyProject.c,27 :: 		RD4_bit = 0;
0x0046	0x1208      	BCF        RD4_bit, 4
;MyProject.c,28 :: 		RD5_bit = 0;
0x0047	0x1288      	BCF        RD5_bit, 5
;MyProject.c,29 :: 		RD6_bit = 0;
0x0048	0x1308      	BCF        RD6_bit, 6
;MyProject.c,30 :: 		RD7_bit = 0;
0x0049	0x1388      	BCF        RD7_bit, 7
;MyProject.c,31 :: 		}
0x004A	0x2833      	GOTO       L_main3
L_main4:
;MyProject.c,32 :: 		}
L_main2:
;MyProject.c,33 :: 		if ((RA0_bit = 1) && (RA1_bit = 1) && (RA2_bit = 0) && (RA3_bit = 1) && (RA4_bit = 1))
0x004B	0x1405      	BSF        RA0_bit, 0
0x004C	0x1C05      	BTFSS      RA0_bit, 0
0x004D	0x2886      	GOTO       L_main9
0x004E	0x1485      	BSF        RA1_bit, 1
0x004F	0x1C85      	BTFSS      RA1_bit, 1
0x0050	0x2886      	GOTO       L_main9
0x0051	0x1105      	BCF        RA2_bit, 2
0x0052	0x1D05      	BTFSS      RA2_bit, 2
0x0053	0x2886      	GOTO       L_main9
0x0054	0x1585      	BSF        RA3_bit, 3
0x0055	0x1D85      	BTFSS      RA3_bit, 3
0x0056	0x2886      	GOTO       L_main9
0x0057	0x1605      	BSF        RA4_bit, 4
0x0058	0x1E05      	BTFSS      RA4_bit, 4
0x0059	0x2886      	GOTO       L_main9
L__main147:
;MyProject.c,35 :: 		while ((RA0_bit = 1) && (RA1_bit = 1) && (RA2_bit = 0) && (RA3_bit = 1) && (RA4_bit = 1))
L_main10:
0x005A	0x1405      	BSF        RA0_bit, 0
0x005B	0x1C05      	BTFSS      RA0_bit, 0
0x005C	0x2886      	GOTO       L_main11
0x005D	0x1485      	BSF        RA1_bit, 1
0x005E	0x1C85      	BTFSS      RA1_bit, 1
0x005F	0x2886      	GOTO       L_main11
0x0060	0x1105      	BCF        RA2_bit, 2
0x0061	0x1D05      	BTFSS      RA2_bit, 2
0x0062	0x2886      	GOTO       L_main11
0x0063	0x1585      	BSF        RA3_bit, 3
0x0064	0x1D85      	BTFSS      RA3_bit, 3
0x0065	0x2886      	GOTO       L_main11
0x0066	0x1605      	BSF        RA4_bit, 4
0x0067	0x1E05      	BTFSS      RA4_bit, 4
0x0068	0x2886      	GOTO       L_main11
L__main146:
;MyProject.c,37 :: 		RD0_bit = 0;
0x0069	0x1008      	BCF        RD0_bit, 0
;MyProject.c,38 :: 		RD1_bit = 0;
0x006A	0x1088      	BCF        RD1_bit, 1
;MyProject.c,39 :: 		RD2_bit = 0;
0x006B	0x1108      	BCF        RD2_bit, 2
;MyProject.c,40 :: 		RD3_bit = 0;
0x006C	0x1188      	BCF        RD3_bit, 3
;MyProject.c,41 :: 		RD4_bit = 1;
0x006D	0x1608      	BSF        RD4_bit, 4
;MyProject.c,42 :: 		RD5_bit = 1;
0x006E	0x1688      	BSF        RD5_bit, 5
;MyProject.c,43 :: 		RD6_bit = 1;
0x006F	0x1708      	BSF        RD6_bit, 6
;MyProject.c,44 :: 		RD7_bit = 1;
0x0070	0x1788      	BSF        RD7_bit, 7
;MyProject.c,45 :: 		delay_ms(1900);
0x0071	0x3014      	MOVLW      20
0x0072	0x00FB      	MOVWF      R11
0x0073	0x3048      	MOVLW      72
0x0074	0x00FC      	MOVWF      R12
0x0075	0x3001      	MOVLW      1
0x0076	0x00FD      	MOVWF      R13
L_main14:
0x0077	0x0BFD      	DECFSZ     R13, 1
0x0078	0x2877      	GOTO       L_main14
0x0079	0x0BFC      	DECFSZ     R12, 1
0x007A	0x2877      	GOTO       L_main14
0x007B	0x0BFB      	DECFSZ     R11, 1
0x007C	0x2877      	GOTO       L_main14
;MyProject.c,46 :: 		RD0_bit = 0;
0x007D	0x1008      	BCF        RD0_bit, 0
;MyProject.c,47 :: 		RD1_bit = 1;
0x007E	0x1488      	BSF        RD1_bit, 1
;MyProject.c,48 :: 		RD2_bit = 0;
0x007F	0x1108      	BCF        RD2_bit, 2
;MyProject.c,49 :: 		RD3_bit = 1;
0x0080	0x1588      	BSF        RD3_bit, 3
;MyProject.c,50 :: 		RD4_bit = 0;
0x0081	0x1208      	BCF        RD4_bit, 4
;MyProject.c,51 :: 		RD5_bit = 0;
0x0082	0x1288      	BCF        RD5_bit, 5
;MyProject.c,52 :: 		RD6_bit = 0;
0x0083	0x1308      	BCF        RD6_bit, 6
;MyProject.c,53 :: 		RD7_bit = 0;
0x0084	0x1388      	BCF        RD7_bit, 7
;MyProject.c,54 :: 		}
0x0085	0x285A      	GOTO       L_main10
L_main11:
;MyProject.c,55 :: 		}
L_main9:
;MyProject.c,56 :: 		if ((RA0_bit = 0) && (RA1_bit = 0) && (RA2_bit = 0) && (RA3_bit = 1) && (RA4_bit = 1))
0x0086	0x1005      	BCF        RA0_bit, 0
0x0087	0x1C05      	BTFSS      RA0_bit, 0
0x0088	0x28C1      	GOTO       L_main17
0x0089	0x1085      	BCF        RA1_bit, 1
0x008A	0x1C85      	BTFSS      RA1_bit, 1
0x008B	0x28C1      	GOTO       L_main17
0x008C	0x1105      	BCF        RA2_bit, 2
0x008D	0x1D05      	BTFSS      RA2_bit, 2
0x008E	0x28C1      	GOTO       L_main17
0x008F	0x1585      	BSF        RA3_bit, 3
0x0090	0x1D85      	BTFSS      RA3_bit, 3
0x0091	0x28C1      	GOTO       L_main17
0x0092	0x1605      	BSF        RA4_bit, 4
0x0093	0x1E05      	BTFSS      RA4_bit, 4
0x0094	0x28C1      	GOTO       L_main17
L__main145:
;MyProject.c,58 :: 		while ((RA0_bit = 0) && (RA1_bit = 0) && (RA2_bit = 0) && (RA3_bit = 1) && (RA4_bit = 1))
L_main18:
0x0095	0x1005      	BCF        RA0_bit, 0
0x0096	0x1C05      	BTFSS      RA0_bit, 0
0x0097	0x28C1      	GOTO       L_main19
0x0098	0x1085      	BCF        RA1_bit, 1
0x0099	0x1C85      	BTFSS      RA1_bit, 1
0x009A	0x28C1      	GOTO       L_main19
0x009B	0x1105      	BCF        RA2_bit, 2
0x009C	0x1D05      	BTFSS      RA2_bit, 2
0x009D	0x28C1      	GOTO       L_main19
0x009E	0x1585      	BSF        RA3_bit, 3
0x009F	0x1D85      	BTFSS      RA3_bit, 3
0x00A0	0x28C1      	GOTO       L_main19
0x00A1	0x1605      	BSF        RA4_bit, 4
0x00A2	0x1E05      	BTFSS      RA4_bit, 4
0x00A3	0x28C1      	GOTO       L_main19
L__main144:
;MyProject.c,60 :: 		RD0_bit = 0;
0x00A4	0x1008      	BCF        RD0_bit, 0
;MyProject.c,61 :: 		RD1_bit = 0;
0x00A5	0x1088      	BCF        RD1_bit, 1
;MyProject.c,62 :: 		RD2_bit = 0;
0x00A6	0x1108      	BCF        RD2_bit, 2
;MyProject.c,63 :: 		RD3_bit = 0;
0x00A7	0x1188      	BCF        RD3_bit, 3
;MyProject.c,64 :: 		RD4_bit = 1;
0x00A8	0x1608      	BSF        RD4_bit, 4
;MyProject.c,65 :: 		RD5_bit = 1;
0x00A9	0x1688      	BSF        RD5_bit, 5
;MyProject.c,66 :: 		RD6_bit = 1;
0x00AA	0x1708      	BSF        RD6_bit, 6
;MyProject.c,67 :: 		RD7_bit = 1;
0x00AB	0x1788      	BSF        RD7_bit, 7
;MyProject.c,68 :: 		delay_ms(1900);
0x00AC	0x3014      	MOVLW      20
0x00AD	0x00FB      	MOVWF      R11
0x00AE	0x3048      	MOVLW      72
0x00AF	0x00FC      	MOVWF      R12
0x00B0	0x3001      	MOVLW      1
0x00B1	0x00FD      	MOVWF      R13
L_main22:
0x00B2	0x0BFD      	DECFSZ     R13, 1
0x00B3	0x28B2      	GOTO       L_main22
0x00B4	0x0BFC      	DECFSZ     R12, 1
0x00B5	0x28B2      	GOTO       L_main22
0x00B6	0x0BFB      	DECFSZ     R11, 1
0x00B7	0x28B2      	GOTO       L_main22
;MyProject.c,69 :: 		RD0_bit = 1;
0x00B8	0x1408      	BSF        RD0_bit, 0
;MyProject.c,70 :: 		RD1_bit = 0;
0x00B9	0x1088      	BCF        RD1_bit, 1
;MyProject.c,71 :: 		RD2_bit = 1;
0x00BA	0x1508      	BSF        RD2_bit, 2
;MyProject.c,72 :: 		RD3_bit = 0;
0x00BB	0x1188      	BCF        RD3_bit, 3
;MyProject.c,73 :: 		RD4_bit = 0;
0x00BC	0x1208      	BCF        RD4_bit, 4
;MyProject.c,74 :: 		RD5_bit = 0;
0x00BD	0x1288      	BCF        RD5_bit, 5
;MyProject.c,75 :: 		RD6_bit = 0;
0x00BE	0x1308      	BCF        RD6_bit, 6
;MyProject.c,76 :: 		RD7_bit = 0;
0x00BF	0x1388      	BCF        RD7_bit, 7
;MyProject.c,77 :: 		}
0x00C0	0x2895      	GOTO       L_main18
L_main19:
;MyProject.c,78 :: 		}
L_main17:
;MyProject.c,79 :: 		if ((RA0_bit = 0) && (RA1_bit = 0) && (RA2_bit = 1) && (RA3_bit = 1) && (RA4_bit = 1))
0x00C1	0x1005      	BCF        RA0_bit, 0
0x00C2	0x1C05      	BTFSS      RA0_bit, 0
0x00C3	0x28FE      	GOTO       L_main25
0x00C4	0x1085      	BCF        RA1_bit, 1
0x00C5	0x1C85      	BTFSS      RA1_bit, 1
0x00C6	0x28FE      	GOTO       L_main25
0x00C7	0x1505      	BSF        RA2_bit, 2
0x00C8	0x1D05      	BTFSS      RA2_bit, 2
0x00C9	0x28FE      	GOTO       L_main25
0x00CA	0x1585      	BSF        RA3_bit, 3
0x00CB	0x1D85      	BTFSS      RA3_bit, 3
0x00CC	0x28FE      	GOTO       L_main25
0x00CD	0x1605      	BSF        RA4_bit, 4
0x00CE	0x1E05      	BTFSS      RA4_bit, 4
0x00CF	0x28FE      	GOTO       L_main25
L__main143:
;MyProject.c,81 :: 		while ((RA0_bit = 0) && (RA1_bit = 0) && (RA2_bit = 1) && (RA3_bit = 1) && (RA4_bit = 1))
L_main26:
0x00D0	0x1005      	BCF        RA0_bit, 0
0x00D1	0x1C05      	BTFSS      RA0_bit, 0
0x00D2	0x28FE      	GOTO       L_main27
0x00D3	0x1085      	BCF        RA1_bit, 1
0x00D4	0x1C85      	BTFSS      RA1_bit, 1
0x00D5	0x28FE      	GOTO       L_main27
0x00D6	0x1505      	BSF        RA2_bit, 2
0x00D7	0x1D05      	BTFSS      RA2_bit, 2
0x00D8	0x28FE      	GOTO       L_main27
0x00D9	0x1585      	BSF        RA3_bit, 3
0x00DA	0x1D85      	BTFSS      RA3_bit, 3
0x00DB	0x28FE      	GOTO       L_main27
0x00DC	0x1605      	BSF        RA4_bit, 4
0x00DD	0x1E05      	BTFSS      RA4_bit, 4
0x00DE	0x28FE      	GOTO       L_main27
L__main142:
;MyProject.c,83 :: 		RD0_bit = 0;
0x00DF	0x1008      	BCF        RD0_bit, 0
;MyProject.c,84 :: 		RD1_bit = 0;
0x00E0	0x1088      	BCF        RD1_bit, 1
;MyProject.c,85 :: 		RD2_bit = 0;
0x00E1	0x1108      	BCF        RD2_bit, 2
;MyProject.c,86 :: 		RD3_bit = 0;
0x00E2	0x1188      	BCF        RD3_bit, 3
;MyProject.c,87 :: 		RD4_bit = 1;
0x00E3	0x1608      	BSF        RD4_bit, 4
;MyProject.c,88 :: 		RD5_bit = 1;
0x00E4	0x1688      	BSF        RD5_bit, 5
;MyProject.c,89 :: 		RD6_bit = 1;
0x00E5	0x1708      	BSF        RD6_bit, 6
;MyProject.c,90 :: 		RD7_bit = 1;
0x00E6	0x1788      	BSF        RD7_bit, 7
;MyProject.c,91 :: 		delay_ms(1000);
0x00E7	0x300B      	MOVLW      11
0x00E8	0x00FB      	MOVWF      R11
0x00E9	0x3026      	MOVLW      38
0x00EA	0x00FC      	MOVWF      R12
0x00EB	0x305D      	MOVLW      93
0x00EC	0x00FD      	MOVWF      R13
L_main30:
0x00ED	0x0BFD      	DECFSZ     R13, 1
0x00EE	0x28ED      	GOTO       L_main30
0x00EF	0x0BFC      	DECFSZ     R12, 1
0x00F0	0x28ED      	GOTO       L_main30
0x00F1	0x0BFB      	DECFSZ     R11, 1
0x00F2	0x28ED      	GOTO       L_main30
0x00F3	0x0000      	NOP
0x00F4	0x0000      	NOP
;MyProject.c,92 :: 		RD0_bit = 1;
0x00F5	0x1408      	BSF        RD0_bit, 0
;MyProject.c,93 :: 		RD1_bit = 0;
0x00F6	0x1088      	BCF        RD1_bit, 1
;MyProject.c,94 :: 		RD2_bit = 1;
0x00F7	0x1508      	BSF        RD2_bit, 2
;MyProject.c,95 :: 		RD3_bit = 0;
0x00F8	0x1188      	BCF        RD3_bit, 3
;MyProject.c,96 :: 		RD4_bit = 0;
0x00F9	0x1208      	BCF        RD4_bit, 4
;MyProject.c,97 :: 		RD5_bit = 0;
0x00FA	0x1288      	BCF        RD5_bit, 5
;MyProject.c,98 :: 		RD6_bit = 0;
0x00FB	0x1308      	BCF        RD6_bit, 6
;MyProject.c,99 :: 		RD7_bit = 0;
0x00FC	0x1388      	BCF        RD7_bit, 7
;MyProject.c,100 :: 		}
0x00FD	0x28D0      	GOTO       L_main26
L_main27:
;MyProject.c,101 :: 		}
L_main25:
;MyProject.c,102 :: 		if ((RA0_bit = 1) && (RA1_bit = 1) && (RA2_bit = 0) && (RA3_bit = 0) && (RA4_bit = 0))
0x00FE	0x1405      	BSF        RA0_bit, 0
0x00FF	0x1C05      	BTFSS      RA0_bit, 0
0x0100	0x2939      	GOTO       L_main33
0x0101	0x1485      	BSF        RA1_bit, 1
0x0102	0x1C85      	BTFSS      RA1_bit, 1
0x0103	0x2939      	GOTO       L_main33
0x0104	0x1105      	BCF        RA2_bit, 2
0x0105	0x1D05      	BTFSS      RA2_bit, 2
0x0106	0x2939      	GOTO       L_main33
0x0107	0x1185      	BCF        RA3_bit, 3
0x0108	0x1D85      	BTFSS      RA3_bit, 3
0x0109	0x2939      	GOTO       L_main33
0x010A	0x1205      	BCF        RA4_bit, 4
0x010B	0x1E05      	BTFSS      RA4_bit, 4
0x010C	0x2939      	GOTO       L_main33
L__main141:
;MyProject.c,104 :: 		while ((RA0_bit = 1) && (RA1_bit = 1) && (RA2_bit = 0) && (RA3_bit = 0) && (RA4_bit = 0))
L_main34:
0x010D	0x1405      	BSF        RA0_bit, 0
0x010E	0x1C05      	BTFSS      RA0_bit, 0
0x010F	0x2939      	GOTO       L_main35
0x0110	0x1485      	BSF        RA1_bit, 1
0x0111	0x1C85      	BTFSS      RA1_bit, 1
0x0112	0x2939      	GOTO       L_main35
0x0113	0x1105      	BCF        RA2_bit, 2
0x0114	0x1D05      	BTFSS      RA2_bit, 2
0x0115	0x2939      	GOTO       L_main35
0x0116	0x1185      	BCF        RA3_bit, 3
0x0117	0x1D85      	BTFSS      RA3_bit, 3
0x0118	0x2939      	GOTO       L_main35
0x0119	0x1205      	BCF        RA4_bit, 4
0x011A	0x1E05      	BTFSS      RA4_bit, 4
0x011B	0x2939      	GOTO       L_main35
L__main140:
;MyProject.c,106 :: 		RD0_bit = 0;
0x011C	0x1008      	BCF        RD0_bit, 0
;MyProject.c,107 :: 		RD1_bit = 0;
0x011D	0x1088      	BCF        RD1_bit, 1
;MyProject.c,108 :: 		RD2_bit = 0;
0x011E	0x1108      	BCF        RD2_bit, 2
;MyProject.c,109 :: 		RD3_bit = 0;
0x011F	0x1188      	BCF        RD3_bit, 3
;MyProject.c,110 :: 		RD4_bit = 1;
0x0120	0x1608      	BSF        RD4_bit, 4
;MyProject.c,111 :: 		RD5_bit = 1;
0x0121	0x1688      	BSF        RD5_bit, 5
;MyProject.c,112 :: 		RD6_bit = 1;
0x0122	0x1708      	BSF        RD6_bit, 6
;MyProject.c,113 :: 		RD7_bit = 1;
0x0123	0x1788      	BSF        RD7_bit, 7
;MyProject.c,114 :: 		delay_ms(1900);
0x0124	0x3014      	MOVLW      20
0x0125	0x00FB      	MOVWF      R11
0x0126	0x3048      	MOVLW      72
0x0127	0x00FC      	MOVWF      R12
0x0128	0x3001      	MOVLW      1
0x0129	0x00FD      	MOVWF      R13
L_main38:
0x012A	0x0BFD      	DECFSZ     R13, 1
0x012B	0x292A      	GOTO       L_main38
0x012C	0x0BFC      	DECFSZ     R12, 1
0x012D	0x292A      	GOTO       L_main38
0x012E	0x0BFB      	DECFSZ     R11, 1
0x012F	0x292A      	GOTO       L_main38
;MyProject.c,115 :: 		RD0_bit = 0;
0x0130	0x1008      	BCF        RD0_bit, 0
;MyProject.c,116 :: 		RD1_bit = 1;
0x0131	0x1488      	BSF        RD1_bit, 1
;MyProject.c,117 :: 		RD2_bit = 0;
0x0132	0x1108      	BCF        RD2_bit, 2
;MyProject.c,118 :: 		RD3_bit = 1;
0x0133	0x1588      	BSF        RD3_bit, 3
;MyProject.c,119 :: 		RD4_bit = 0;
0x0134	0x1208      	BCF        RD4_bit, 4
;MyProject.c,120 :: 		RD5_bit = 0;
0x0135	0x1288      	BCF        RD5_bit, 5
;MyProject.c,121 :: 		RD6_bit = 0;
0x0136	0x1308      	BCF        RD6_bit, 6
;MyProject.c,122 :: 		RD7_bit = 0;
0x0137	0x1388      	BCF        RD7_bit, 7
;MyProject.c,123 :: 		}
0x0138	0x290D      	GOTO       L_main34
L_main35:
;MyProject.c,124 :: 		}
L_main33:
;MyProject.c,125 :: 		if ((RA0_bit = 1) && (RA1_bit = 1) && (RA2_bit = 1) && (RA3_bit = 0) && (RA4_bit = 0))
0x0139	0x1405      	BSF        RA0_bit, 0
0x013A	0x1C05      	BTFSS      RA0_bit, 0
0x013B	0x2976      	GOTO       L_main41
0x013C	0x1485      	BSF        RA1_bit, 1
0x013D	0x1C85      	BTFSS      RA1_bit, 1
0x013E	0x2976      	GOTO       L_main41
0x013F	0x1505      	BSF        RA2_bit, 2
0x0140	0x1D05      	BTFSS      RA2_bit, 2
0x0141	0x2976      	GOTO       L_main41
0x0142	0x1185      	BCF        RA3_bit, 3
0x0143	0x1D85      	BTFSS      RA3_bit, 3
0x0144	0x2976      	GOTO       L_main41
0x0145	0x1205      	BCF        RA4_bit, 4
0x0146	0x1E05      	BTFSS      RA4_bit, 4
0x0147	0x2976      	GOTO       L_main41
L__main139:
;MyProject.c,127 :: 		while ((RA0_bit = 1) && (RA1_bit = 1) && (RA2_bit = 1) && (RA3_bit = 0) && (RA4_bit = 0))
L_main42:
0x0148	0x1405      	BSF        RA0_bit, 0
0x0149	0x1C05      	BTFSS      RA0_bit, 0
0x014A	0x2976      	GOTO       L_main43
0x014B	0x1485      	BSF        RA1_bit, 1
0x014C	0x1C85      	BTFSS      RA1_bit, 1
0x014D	0x2976      	GOTO       L_main43
0x014E	0x1505      	BSF        RA2_bit, 2
0x014F	0x1D05      	BTFSS      RA2_bit, 2
0x0150	0x2976      	GOTO       L_main43
0x0151	0x1185      	BCF        RA3_bit, 3
0x0152	0x1D85      	BTFSS      RA3_bit, 3
0x0153	0x2976      	GOTO       L_main43
0x0154	0x1205      	BCF        RA4_bit, 4
0x0155	0x1E05      	BTFSS      RA4_bit, 4
0x0156	0x2976      	GOTO       L_main43
L__main138:
;MyProject.c,129 :: 		RD0_bit = 0;
0x0157	0x1008      	BCF        RD0_bit, 0
;MyProject.c,130 :: 		RD1_bit = 0;
0x0158	0x1088      	BCF        RD1_bit, 1
;MyProject.c,131 :: 		RD2_bit = 0;
0x0159	0x1108      	BCF        RD2_bit, 2
;MyProject.c,132 :: 		RD3_bit = 0;
0x015A	0x1188      	BCF        RD3_bit, 3
;MyProject.c,133 :: 		RD4_bit = 1;
0x015B	0x1608      	BSF        RD4_bit, 4
;MyProject.c,134 :: 		RD5_bit = 1;
0x015C	0x1688      	BSF        RD5_bit, 5
;MyProject.c,135 :: 		RD6_bit = 1;
0x015D	0x1708      	BSF        RD6_bit, 6
;MyProject.c,136 :: 		RD7_bit = 1;
0x015E	0x1788      	BSF        RD7_bit, 7
;MyProject.c,137 :: 		delay_ms(1000);
0x015F	0x300B      	MOVLW      11
0x0160	0x00FB      	MOVWF      R11
0x0161	0x3026      	MOVLW      38
0x0162	0x00FC      	MOVWF      R12
0x0163	0x305D      	MOVLW      93
0x0164	0x00FD      	MOVWF      R13
L_main46:
0x0165	0x0BFD      	DECFSZ     R13, 1
0x0166	0x2965      	GOTO       L_main46
0x0167	0x0BFC      	DECFSZ     R12, 1
0x0168	0x2965      	GOTO       L_main46
0x0169	0x0BFB      	DECFSZ     R11, 1
0x016A	0x2965      	GOTO       L_main46
0x016B	0x0000      	NOP
0x016C	0x0000      	NOP
;MyProject.c,138 :: 		RD0_bit = 0;
0x016D	0x1008      	BCF        RD0_bit, 0
;MyProject.c,139 :: 		RD1_bit = 1;
0x016E	0x1488      	BSF        RD1_bit, 1
;MyProject.c,140 :: 		RD2_bit = 0;
0x016F	0x1108      	BCF        RD2_bit, 2
;MyProject.c,141 :: 		RD3_bit = 1;
0x0170	0x1588      	BSF        RD3_bit, 3
;MyProject.c,142 :: 		RD4_bit = 0;
0x0171	0x1208      	BCF        RD4_bit, 4
;MyProject.c,143 :: 		RD5_bit = 0;
0x0172	0x1288      	BCF        RD5_bit, 5
;MyProject.c,144 :: 		RD6_bit = 0;
0x0173	0x1308      	BCF        RD6_bit, 6
;MyProject.c,145 :: 		RD7_bit = 0;
0x0174	0x1388      	BCF        RD7_bit, 7
;MyProject.c,146 :: 		}
0x0175	0x2948      	GOTO       L_main42
L_main43:
;MyProject.c,147 :: 		}
L_main41:
;MyProject.c,148 :: 		if ((RB0_bit = 1) && (RB1_bit = 1) && (RB2_bit = 1) && (RB3_bit = 1) && (RB4_bit = 1))
0x0176	0x1406      	BSF        RB0_bit, 0
0x0177	0x1C06      	BTFSS      RB0_bit, 0
0x0178	0x299D      	GOTO       L_main49
0x0179	0x1486      	BSF        RB1_bit, 1
0x017A	0x1C86      	BTFSS      RB1_bit, 1
0x017B	0x299D      	GOTO       L_main49
0x017C	0x1506      	BSF        RB2_bit, 2
0x017D	0x1D06      	BTFSS      RB2_bit, 2
0x017E	0x299D      	GOTO       L_main49
0x017F	0x1586      	BSF        RB3_bit, 3
0x0180	0x1D86      	BTFSS      RB3_bit, 3
0x0181	0x299D      	GOTO       L_main49
0x0182	0x1606      	BSF        RB4_bit, 4
0x0183	0x1E06      	BTFSS      RB4_bit, 4
0x0184	0x299D      	GOTO       L_main49
L__main137:
;MyProject.c,150 :: 		while ((RB0_bit = 1) && (RB1_bit = 1) && (RB2_bit = 1) && (RB3_bit = 1) && (RB4_bit = 1))
L_main50:
0x0185	0x1406      	BSF        RB0_bit, 0
0x0186	0x1C06      	BTFSS      RB0_bit, 0
0x0187	0x299D      	GOTO       L_main51
0x0188	0x1486      	BSF        RB1_bit, 1
0x0189	0x1C86      	BTFSS      RB1_bit, 1
0x018A	0x299D      	GOTO       L_main51
0x018B	0x1506      	BSF        RB2_bit, 2
0x018C	0x1D06      	BTFSS      RB2_bit, 2
0x018D	0x299D      	GOTO       L_main51
0x018E	0x1586      	BSF        RB3_bit, 3
0x018F	0x1D86      	BTFSS      RB3_bit, 3
0x0190	0x299D      	GOTO       L_main51
0x0191	0x1606      	BSF        RB4_bit, 4
0x0192	0x1E06      	BTFSS      RB4_bit, 4
0x0193	0x299D      	GOTO       L_main51
L__main136:
;MyProject.c,152 :: 		RD0_bit = 1;
0x0194	0x1408      	BSF        RD0_bit, 0
;MyProject.c,153 :: 		RD1_bit = 1;
0x0195	0x1488      	BSF        RD1_bit, 1
;MyProject.c,154 :: 		RD2_bit = 1;
0x0196	0x1508      	BSF        RD2_bit, 2
;MyProject.c,155 :: 		RD3_bit = 1;
0x0197	0x1588      	BSF        RD3_bit, 3
;MyProject.c,156 :: 		RD4_bit = 0;
0x0198	0x1208      	BCF        RD4_bit, 4
;MyProject.c,157 :: 		RD5_bit = 0;
0x0199	0x1288      	BCF        RD5_bit, 5
;MyProject.c,158 :: 		RD6_bit = 0;
0x019A	0x1308      	BCF        RD6_bit, 6
;MyProject.c,159 :: 		RD7_bit = 0;
0x019B	0x1388      	BCF        RD7_bit, 7
;MyProject.c,160 :: 		}
0x019C	0x2985      	GOTO       L_main50
L_main51:
;MyProject.c,161 :: 		}
L_main49:
;MyProject.c,162 :: 		if ((RB0_bit = 0) && (RB1_bit = 0) && (RB2_bit = 1) && (RB3_bit = 1) && (RB4_bit = 1))
0x019D	0x1006      	BCF        RB0_bit, 0
0x019E	0x1C06      	BTFSS      RB0_bit, 0
0x019F	0x29C4      	GOTO       L_main56
0x01A0	0x1086      	BCF        RB1_bit, 1
0x01A1	0x1C86      	BTFSS      RB1_bit, 1
0x01A2	0x29C4      	GOTO       L_main56
0x01A3	0x1506      	BSF        RB2_bit, 2
0x01A4	0x1D06      	BTFSS      RB2_bit, 2
0x01A5	0x29C4      	GOTO       L_main56
0x01A6	0x1586      	BSF        RB3_bit, 3
0x01A7	0x1D86      	BTFSS      RB3_bit, 3
0x01A8	0x29C4      	GOTO       L_main56
0x01A9	0x1606      	BSF        RB4_bit, 4
0x01AA	0x1E06      	BTFSS      RB4_bit, 4
0x01AB	0x29C4      	GOTO       L_main56
L__main135:
;MyProject.c,164 :: 		while ((RB0_bit = 0) && (RB1_bit = 0) && (RB2_bit = 1) && (RB3_bit = 1) && (RB4_bit = 1))
L_main57:
0x01AC	0x1006      	BCF        RB0_bit, 0
0x01AD	0x1C06      	BTFSS      RB0_bit, 0
0x01AE	0x29C4      	GOTO       L_main58
0x01AF	0x1086      	BCF        RB1_bit, 1
0x01B0	0x1C86      	BTFSS      RB1_bit, 1
0x01B1	0x29C4      	GOTO       L_main58
0x01B2	0x1506      	BSF        RB2_bit, 2
0x01B3	0x1D06      	BTFSS      RB2_bit, 2
0x01B4	0x29C4      	GOTO       L_main58
0x01B5	0x1586      	BSF        RB3_bit, 3
0x01B6	0x1D86      	BTFSS      RB3_bit, 3
0x01B7	0x29C4      	GOTO       L_main58
0x01B8	0x1606      	BSF        RB4_bit, 4
0x01B9	0x1E06      	BTFSS      RB4_bit, 4
0x01BA	0x29C4      	GOTO       L_main58
L__main134:
;MyProject.c,166 :: 		RD0_bit = 1;
0x01BB	0x1408      	BSF        RD0_bit, 0
;MyProject.c,167 :: 		RD1_bit = 0;
0x01BC	0x1088      	BCF        RD1_bit, 1
;MyProject.c,168 :: 		RD2_bit = 1;
0x01BD	0x1508      	BSF        RD2_bit, 2
;MyProject.c,169 :: 		RD3_bit = 0;
0x01BE	0x1188      	BCF        RD3_bit, 3
;MyProject.c,170 :: 		RD4_bit = 0;
0x01BF	0x1208      	BCF        RD4_bit, 4
;MyProject.c,171 :: 		RD5_bit = 0;
0x01C0	0x1288      	BCF        RD5_bit, 5
;MyProject.c,172 :: 		RD6_bit = 0;
0x01C1	0x1308      	BCF        RD6_bit, 6
;MyProject.c,173 :: 		RD7_bit = 0;
0x01C2	0x1388      	BCF        RD7_bit, 7
;MyProject.c,174 :: 		}
0x01C3	0x29AC      	GOTO       L_main57
L_main58:
;MyProject.c,175 :: 		}
L_main56:
;MyProject.c,176 :: 		if ((RB0_bit = 0) && (RB1_bit = 0) && (RB2_bit = 0) && (RB3_bit = 1) && (RB4_bit = 1))
0x01C4	0x1006      	BCF        RB0_bit, 0
0x01C5	0x1C06      	BTFSS      RB0_bit, 0
0x01C6	0x29EB      	GOTO       L_main63
0x01C7	0x1086      	BCF        RB1_bit, 1
0x01C8	0x1C86      	BTFSS      RB1_bit, 1
0x01C9	0x29EB      	GOTO       L_main63
0x01CA	0x1106      	BCF        RB2_bit, 2
0x01CB	0x1D06      	BTFSS      RB2_bit, 2
0x01CC	0x29EB      	GOTO       L_main63
0x01CD	0x1586      	BSF        RB3_bit, 3
0x01CE	0x1D86      	BTFSS      RB3_bit, 3
0x01CF	0x29EB      	GOTO       L_main63
0x01D0	0x1606      	BSF        RB4_bit, 4
0x01D1	0x1E06      	BTFSS      RB4_bit, 4
0x01D2	0x29EB      	GOTO       L_main63
L__main133:
;MyProject.c,178 :: 		while ((RB0_bit = 0) && (RB1_bit = 0) && (RB2_bit = 0) && (RB3_bit = 1) && (RB4_bit = 1))
L_main64:
0x01D3	0x1006      	BCF        RB0_bit, 0
0x01D4	0x1C06      	BTFSS      RB0_bit, 0
0x01D5	0x29EB      	GOTO       L_main65
0x01D6	0x1086      	BCF        RB1_bit, 1
0x01D7	0x1C86      	BTFSS      RB1_bit, 1
0x01D8	0x29EB      	GOTO       L_main65
0x01D9	0x1106      	BCF        RB2_bit, 2
0x01DA	0x1D06      	BTFSS      RB2_bit, 2
0x01DB	0x29EB      	GOTO       L_main65
0x01DC	0x1586      	BSF        RB3_bit, 3
0x01DD	0x1D86      	BTFSS      RB3_bit, 3
0x01DE	0x29EB      	GOTO       L_main65
0x01DF	0x1606      	BSF        RB4_bit, 4
0x01E0	0x1E06      	BTFSS      RB4_bit, 4
0x01E1	0x29EB      	GOTO       L_main65
L__main132:
;MyProject.c,180 :: 		RD0_bit = 1;
0x01E2	0x1408      	BSF        RD0_bit, 0
;MyProject.c,181 :: 		RD1_bit = 0;
0x01E3	0x1088      	BCF        RD1_bit, 1
;MyProject.c,182 :: 		RD2_bit = 1;
0x01E4	0x1508      	BSF        RD2_bit, 2
;MyProject.c,183 :: 		RD3_bit = 0;
0x01E5	0x1188      	BCF        RD3_bit, 3
;MyProject.c,184 :: 		RD4_bit = 0;
0x01E6	0x1208      	BCF        RD4_bit, 4
;MyProject.c,185 :: 		RD5_bit = 0;
0x01E7	0x1288      	BCF        RD5_bit, 5
;MyProject.c,186 :: 		RD6_bit = 0;
0x01E8	0x1308      	BCF        RD6_bit, 6
;MyProject.c,187 :: 		RD7_bit = 0;
0x01E9	0x1388      	BCF        RD7_bit, 7
;MyProject.c,188 :: 		}
0x01EA	0x29D3      	GOTO       L_main64
L_main65:
;MyProject.c,189 :: 		}
L_main63:
;MyProject.c,190 :: 		if ((RB0_bit = 1) && (RB1_bit = 1) && (RB2_bit = 0) && (RB3_bit = 0) && (RB4_bit = 0))
0x01EB	0x1406      	BSF        RB0_bit, 0
0x01EC	0x1C06      	BTFSS      RB0_bit, 0
0x01ED	0x2A12      	GOTO       L_main70
0x01EE	0x1486      	BSF        RB1_bit, 1
0x01EF	0x1C86      	BTFSS      RB1_bit, 1
0x01F0	0x2A12      	GOTO       L_main70
0x01F1	0x1106      	BCF        RB2_bit, 2
0x01F2	0x1D06      	BTFSS      RB2_bit, 2
0x01F3	0x2A12      	GOTO       L_main70
0x01F4	0x1186      	BCF        RB3_bit, 3
0x01F5	0x1D86      	BTFSS      RB3_bit, 3
0x01F6	0x2A12      	GOTO       L_main70
0x01F7	0x1206      	BCF        RB4_bit, 4
0x01F8	0x1E06      	BTFSS      RB4_bit, 4
0x01F9	0x2A12      	GOTO       L_main70
L__main131:
;MyProject.c,192 :: 		while ((RB0_bit = 1) && (RB1_bit = 1) && (RB2_bit = 0) && (RB3_bit = 0) && (RB4_bit = 0))
L_main71:
0x01FA	0x1406      	BSF        RB0_bit, 0
0x01FB	0x1C06      	BTFSS      RB0_bit, 0
0x01FC	0x2A12      	GOTO       L_main72
0x01FD	0x1486      	BSF        RB1_bit, 1
0x01FE	0x1C86      	BTFSS      RB1_bit, 1
0x01FF	0x2A12      	GOTO       L_main72
0x0200	0x1106      	BCF        RB2_bit, 2
0x0201	0x1D06      	BTFSS      RB2_bit, 2
0x0202	0x2A12      	GOTO       L_main72
0x0203	0x1186      	BCF        RB3_bit, 3
0x0204	0x1D86      	BTFSS      RB3_bit, 3
0x0205	0x2A12      	GOTO       L_main72
0x0206	0x1206      	BCF        RB4_bit, 4
0x0207	0x1E06      	BTFSS      RB4_bit, 4
0x0208	0x2A12      	GOTO       L_main72
L__main130:
;MyProject.c,194 :: 		RD0_bit = 0;
0x0209	0x1008      	BCF        RD0_bit, 0
;MyProject.c,195 :: 		RD1_bit = 1;
0x020A	0x1488      	BSF        RD1_bit, 1
;MyProject.c,196 :: 		RD2_bit = 0;
0x020B	0x1108      	BCF        RD2_bit, 2
;MyProject.c,197 :: 		RD3_bit = 1;
0x020C	0x1588      	BSF        RD3_bit, 3
;MyProject.c,198 :: 		RD4_bit = 0;
0x020D	0x1208      	BCF        RD4_bit, 4
;MyProject.c,199 :: 		RD5_bit = 0;
0x020E	0x1288      	BCF        RD5_bit, 5
;MyProject.c,200 :: 		RD6_bit = 0;
0x020F	0x1308      	BCF        RD6_bit, 6
;MyProject.c,201 :: 		RD7_bit = 0;
0x0210	0x1388      	BCF        RD7_bit, 7
;MyProject.c,202 :: 		}
0x0211	0x29FA      	GOTO       L_main71
L_main72:
;MyProject.c,203 :: 		}
L_main70:
;MyProject.c,204 :: 		if ((RB0_bit = 1) && (RB1_bit = 1) && (RB2_bit = 1) && (RB3_bit = 0) && (RB4_bit = 0))
0x0212	0x1406      	BSF        RB0_bit, 0
0x0213	0x1C06      	BTFSS      RB0_bit, 0
0x0214	0x2A39      	GOTO       L_main77
0x0215	0x1486      	BSF        RB1_bit, 1
0x0216	0x1C86      	BTFSS      RB1_bit, 1
0x0217	0x2A39      	GOTO       L_main77
0x0218	0x1506      	BSF        RB2_bit, 2
0x0219	0x1D06      	BTFSS      RB2_bit, 2
0x021A	0x2A39      	GOTO       L_main77
0x021B	0x1186      	BCF        RB3_bit, 3
0x021C	0x1D86      	BTFSS      RB3_bit, 3
0x021D	0x2A39      	GOTO       L_main77
0x021E	0x1206      	BCF        RB4_bit, 4
0x021F	0x1E06      	BTFSS      RB4_bit, 4
0x0220	0x2A39      	GOTO       L_main77
L__main129:
;MyProject.c,206 :: 		while ((RB0_bit = 1) && (RB1_bit = 1) && (RB2_bit = 1) && (RB3_bit = 0) && (RB4_bit = 0))
L_main78:
0x0221	0x1406      	BSF        RB0_bit, 0
0x0222	0x1C06      	BTFSS      RB0_bit, 0
0x0223	0x2A39      	GOTO       L_main79
0x0224	0x1486      	BSF        RB1_bit, 1
0x0225	0x1C86      	BTFSS      RB1_bit, 1
0x0226	0x2A39      	GOTO       L_main79
0x0227	0x1506      	BSF        RB2_bit, 2
0x0228	0x1D06      	BTFSS      RB2_bit, 2
0x0229	0x2A39      	GOTO       L_main79
0x022A	0x1186      	BCF        RB3_bit, 3
0x022B	0x1D86      	BTFSS      RB3_bit, 3
0x022C	0x2A39      	GOTO       L_main79
0x022D	0x1206      	BCF        RB4_bit, 4
0x022E	0x1E06      	BTFSS      RB4_bit, 4
0x022F	0x2A39      	GOTO       L_main79
L__main128:
;MyProject.c,208 :: 		RD0_bit = 0;
0x0230	0x1008      	BCF        RD0_bit, 0
;MyProject.c,209 :: 		RD1_bit = 1;
0x0231	0x1488      	BSF        RD1_bit, 1
;MyProject.c,210 :: 		RD2_bit = 0;
0x0232	0x1108      	BCF        RD2_bit, 2
;MyProject.c,211 :: 		RD3_bit = 1;
0x0233	0x1588      	BSF        RD3_bit, 3
;MyProject.c,212 :: 		RD4_bit = 0;
0x0234	0x1208      	BCF        RD4_bit, 4
;MyProject.c,213 :: 		RD5_bit = 0;
0x0235	0x1288      	BCF        RD5_bit, 5
;MyProject.c,214 :: 		RD6_bit = 0;
0x0236	0x1308      	BCF        RD6_bit, 6
;MyProject.c,215 :: 		RD7_bit = 0;
0x0237	0x1388      	BCF        RD7_bit, 7
;MyProject.c,216 :: 		}
0x0238	0x2A21      	GOTO       L_main78
L_main79:
;MyProject.c,217 :: 		}
L_main77:
;MyProject.c,218 :: 		if ((RC0_bit = 1) && (RC1_bit = 1))
0x0239	0x1407      	BSF        RC0_bit, 0
0x023A	0x1C07      	BTFSS      RC0_bit, 0
0x023B	0x2A4E      	GOTO       L_main84
0x023C	0x1487      	BSF        RC1_bit, 1
0x023D	0x1C87      	BTFSS      RC1_bit, 1
0x023E	0x2A4E      	GOTO       L_main84
L__main127:
;MyProject.c,220 :: 		while ((RC0_bit = 1) && (RC1_bit = 1))
L_main85:
0x023F	0x1407      	BSF        RC0_bit, 0
0x0240	0x1C07      	BTFSS      RC0_bit, 0
0x0241	0x2A4E      	GOTO       L_main86
0x0242	0x1487      	BSF        RC1_bit, 1
0x0243	0x1C87      	BTFSS      RC1_bit, 1
0x0244	0x2A4E      	GOTO       L_main86
L__main126:
;MyProject.c,222 :: 		RD0_bit = 1;
0x0245	0x1408      	BSF        RD0_bit, 0
;MyProject.c,223 :: 		RD1_bit = 1;
0x0246	0x1488      	BSF        RD1_bit, 1
;MyProject.c,224 :: 		RD2_bit = 1;
0x0247	0x1508      	BSF        RD2_bit, 2
;MyProject.c,225 :: 		RD3_bit = 1;
0x0248	0x1588      	BSF        RD3_bit, 3
;MyProject.c,226 :: 		RD4_bit = 0;
0x0249	0x1208      	BCF        RD4_bit, 4
;MyProject.c,227 :: 		RD5_bit = 0;
0x024A	0x1288      	BCF        RD5_bit, 5
;MyProject.c,228 :: 		RD6_bit = 0;
0x024B	0x1308      	BCF        RD6_bit, 6
;MyProject.c,229 :: 		RD7_bit = 0;
0x024C	0x1388      	BCF        RD7_bit, 7
;MyProject.c,230 :: 		}
0x024D	0x2A3F      	GOTO       L_main85
L_main86:
;MyProject.c,231 :: 		}
L_main84:
;MyProject.c,232 :: 		if ((RC0_bit = 1) && (RC1_bit = 0))
0x024E	0x1407      	BSF        RC0_bit, 0
0x024F	0x1C07      	BTFSS      RC0_bit, 0
0x0250	0x2A63      	GOTO       L_main91
0x0251	0x1087      	BCF        RC1_bit, 1
0x0252	0x1C87      	BTFSS      RC1_bit, 1
0x0253	0x2A63      	GOTO       L_main91
L__main125:
;MyProject.c,234 :: 		while ((RC0_bit = 1) && (RC1_bit = 0))
L_main92:
0x0254	0x1407      	BSF        RC0_bit, 0
0x0255	0x1C07      	BTFSS      RC0_bit, 0
0x0256	0x2A63      	GOTO       L_main93
0x0257	0x1087      	BCF        RC1_bit, 1
0x0258	0x1C87      	BTFSS      RC1_bit, 1
0x0259	0x2A63      	GOTO       L_main93
L__main124:
;MyProject.c,236 :: 		RD0_bit = 0;
0x025A	0x1008      	BCF        RD0_bit, 0
;MyProject.c,237 :: 		RD1_bit = 1;
0x025B	0x1488      	BSF        RD1_bit, 1
;MyProject.c,238 :: 		RD2_bit = 0;
0x025C	0x1108      	BCF        RD2_bit, 2
;MyProject.c,239 :: 		RD3_bit = 1;
0x025D	0x1588      	BSF        RD3_bit, 3
;MyProject.c,240 :: 		RD4_bit = 0;
0x025E	0x1208      	BCF        RD4_bit, 4
;MyProject.c,241 :: 		RD5_bit = 0;
0x025F	0x1288      	BCF        RD5_bit, 5
;MyProject.c,242 :: 		RD6_bit = 0;
0x0260	0x1308      	BCF        RD6_bit, 6
;MyProject.c,243 :: 		RD7_bit = 0;
0x0261	0x1388      	BCF        RD7_bit, 7
;MyProject.c,244 :: 		}
0x0262	0x2A54      	GOTO       L_main92
L_main93:
;MyProject.c,245 :: 		}
L_main91:
;MyProject.c,246 :: 		if ((RC0_bit = 0) && (RC1_bit = 1))
0x0263	0x1007      	BCF        RC0_bit, 0
0x0264	0x1C07      	BTFSS      RC0_bit, 0
0x0265	0x2A78      	GOTO       L_main98
0x0266	0x1487      	BSF        RC1_bit, 1
0x0267	0x1C87      	BTFSS      RC1_bit, 1
0x0268	0x2A78      	GOTO       L_main98
L__main123:
;MyProject.c,248 :: 		while ((RC0_bit = 0) && (RC1_bit = 1))
L_main99:
0x0269	0x1007      	BCF        RC0_bit, 0
0x026A	0x1C07      	BTFSS      RC0_bit, 0
0x026B	0x2A78      	GOTO       L_main100
0x026C	0x1487      	BSF        RC1_bit, 1
0x026D	0x1C87      	BTFSS      RC1_bit, 1
0x026E	0x2A78      	GOTO       L_main100
L__main122:
;MyProject.c,250 :: 		RD0_bit = 1;
0x026F	0x1408      	BSF        RD0_bit, 0
;MyProject.c,251 :: 		RD1_bit = 0;
0x0270	0x1088      	BCF        RD1_bit, 1
;MyProject.c,252 :: 		RD2_bit = 1;
0x0271	0x1508      	BSF        RD2_bit, 2
;MyProject.c,253 :: 		RD3_bit = 0;
0x0272	0x1188      	BCF        RD3_bit, 3
;MyProject.c,254 :: 		RD4_bit = 0;
0x0273	0x1208      	BCF        RD4_bit, 4
;MyProject.c,255 :: 		RD5_bit = 0;
0x0274	0x1288      	BCF        RD5_bit, 5
;MyProject.c,256 :: 		RD6_bit = 0;
0x0275	0x1308      	BCF        RD6_bit, 6
;MyProject.c,257 :: 		RD7_bit = 0;
0x0276	0x1388      	BCF        RD7_bit, 7
;MyProject.c,258 :: 		}
0x0277	0x2A69      	GOTO       L_main99
L_main100:
;MyProject.c,259 :: 		}
L_main98:
;MyProject.c,260 :: 		if ((RC0_bit = 0) && (RC1_bit = 0))
0x0278	0x1007      	BCF        RC0_bit, 0
0x0279	0x1C07      	BTFSS      RC0_bit, 0
0x027A	0x2A8D      	GOTO       L_main105
0x027B	0x1087      	BCF        RC1_bit, 1
0x027C	0x1C87      	BTFSS      RC1_bit, 1
0x027D	0x2A8D      	GOTO       L_main105
L__main121:
;MyProject.c,262 :: 		while ((RC0_bit = 0) && (RC1_bit = 0))
L_main106:
0x027E	0x1007      	BCF        RC0_bit, 0
0x027F	0x1C07      	BTFSS      RC0_bit, 0
0x0280	0x2A8D      	GOTO       L_main107
0x0281	0x1087      	BCF        RC1_bit, 1
0x0282	0x1C87      	BTFSS      RC1_bit, 1
0x0283	0x2A8D      	GOTO       L_main107
L__main120:
;MyProject.c,264 :: 		RD0_bit = 1;
0x0284	0x1408      	BSF        RD0_bit, 0
;MyProject.c,265 :: 		RD1_bit = 1;
0x0285	0x1488      	BSF        RD1_bit, 1
;MyProject.c,266 :: 		RD2_bit = 1;
0x0286	0x1508      	BSF        RD2_bit, 2
;MyProject.c,267 :: 		RD3_bit = 1;
0x0287	0x1588      	BSF        RD3_bit, 3
;MyProject.c,268 :: 		RD4_bit = 0;
0x0288	0x1208      	BCF        RD4_bit, 4
;MyProject.c,269 :: 		RD5_bit = 0;
0x0289	0x1288      	BCF        RD5_bit, 5
;MyProject.c,270 :: 		RD6_bit = 0;
0x028A	0x1308      	BCF        RD6_bit, 6
;MyProject.c,271 :: 		RD7_bit = 0;
0x028B	0x1388      	BCF        RD7_bit, 7
;MyProject.c,272 :: 		}
0x028C	0x2A7E      	GOTO       L_main106
L_main107:
;MyProject.c,273 :: 		}
L_main105:
;MyProject.c,274 :: 		if ((RA0_bit = 0) && (RA1_bit = 0) && (RA2_bit = 0) && (RA3_bit = 0) && (RA4_bit = 0) &&(RC0_bit = 0) && (RC1_bit = 0) && (RB0_bit = 0) && (RB1_bit = 0) && (RB2_bit = 0) && (RB3_bit = 0) && (RB4_bit = 0))
0x028D	0x1005      	BCF        RA0_bit, 0
0x028E	0x1C05      	BTFSS      RA0_bit, 0
0x028F	0x2AF4      	GOTO       L_main112
0x0290	0x1085      	BCF        RA1_bit, 1
0x0291	0x1C85      	BTFSS      RA1_bit, 1
0x0292	0x2AF4      	GOTO       L_main112
0x0293	0x1105      	BCF        RA2_bit, 2
0x0294	0x1D05      	BTFSS      RA2_bit, 2
0x0295	0x2AF4      	GOTO       L_main112
0x0296	0x1185      	BCF        RA3_bit, 3
0x0297	0x1D85      	BTFSS      RA3_bit, 3
0x0298	0x2AF4      	GOTO       L_main112
0x0299	0x1205      	BCF        RA4_bit, 4
0x029A	0x1E05      	BTFSS      RA4_bit, 4
0x029B	0x2AF4      	GOTO       L_main112
0x029C	0x1007      	BCF        RC0_bit, 0
0x029D	0x1C07      	BTFSS      RC0_bit, 0
0x029E	0x2AF4      	GOTO       L_main112
0x029F	0x1087      	BCF        RC1_bit, 1
0x02A0	0x1C87      	BTFSS      RC1_bit, 1
0x02A1	0x2AF4      	GOTO       L_main112
0x02A2	0x1006      	BCF        RB0_bit, 0
0x02A3	0x1C06      	BTFSS      RB0_bit, 0
0x02A4	0x2AF4      	GOTO       L_main112
0x02A5	0x1086      	BCF        RB1_bit, 1
0x02A6	0x1C86      	BTFSS      RB1_bit, 1
0x02A7	0x2AF4      	GOTO       L_main112
0x02A8	0x1106      	BCF        RB2_bit, 2
0x02A9	0x1D06      	BTFSS      RB2_bit, 2
0x02AA	0x2AF4      	GOTO       L_main112
0x02AB	0x1186      	BCF        RB3_bit, 3
0x02AC	0x1D86      	BTFSS      RB3_bit, 3
0x02AD	0x2AF4      	GOTO       L_main112
0x02AE	0x1206      	BCF        RB4_bit, 4
0x02AF	0x1E06      	BTFSS      RB4_bit, 4
0x02B0	0x2AF4      	GOTO       L_main112
L__main119:
;MyProject.c,276 :: 		while ((RA0_bit = 0) && (RA1_bit = 0) && (RA2_bit = 0) && (RA3_bit = 0) && (RA4_bit = 0) &&(RC0_bit = 0) && (RC1_bit = 0) && (RB0_bit = 0) && (RB1_bit = 0) && (RB2_bit = 0) && (RB3_bit = 0) && (RB4_bit = 0))
L_main113:
0x02B1	0x1005      	BCF        RA0_bit, 0
0x02B2	0x1C05      	BTFSS      RA0_bit, 0
0x02B3	0x2AF4      	GOTO       L_main114
0x02B4	0x1085      	BCF        RA1_bit, 1
0x02B5	0x1C85      	BTFSS      RA1_bit, 1
0x02B6	0x2AF4      	GOTO       L_main114
0x02B7	0x1105      	BCF        RA2_bit, 2
0x02B8	0x1D05      	BTFSS      RA2_bit, 2
0x02B9	0x2AF4      	GOTO       L_main114
0x02BA	0x1185      	BCF        RA3_bit, 3
0x02BB	0x1D85      	BTFSS      RA3_bit, 3
0x02BC	0x2AF4      	GOTO       L_main114
0x02BD	0x1205      	BCF        RA4_bit, 4
0x02BE	0x1E05      	BTFSS      RA4_bit, 4
0x02BF	0x2AF4      	GOTO       L_main114
0x02C0	0x1007      	BCF        RC0_bit, 0
0x02C1	0x1C07      	BTFSS      RC0_bit, 0
0x02C2	0x2AF4      	GOTO       L_main114
0x02C3	0x1087      	BCF        RC1_bit, 1
0x02C4	0x1C87      	BTFSS      RC1_bit, 1
0x02C5	0x2AF4      	GOTO       L_main114
0x02C6	0x1006      	BCF        RB0_bit, 0
0x02C7	0x1C06      	BTFSS      RB0_bit, 0
0x02C8	0x2AF4      	GOTO       L_main114
0x02C9	0x1086      	BCF        RB1_bit, 1
0x02CA	0x1C86      	BTFSS      RB1_bit, 1
0x02CB	0x2AF4      	GOTO       L_main114
0x02CC	0x1106      	BCF        RB2_bit, 2
0x02CD	0x1D06      	BTFSS      RB2_bit, 2
0x02CE	0x2AF4      	GOTO       L_main114
0x02CF	0x1186      	BCF        RB3_bit, 3
0x02D0	0x1D86      	BTFSS      RB3_bit, 3
0x02D1	0x2AF4      	GOTO       L_main114
0x02D2	0x1206      	BCF        RB4_bit, 4
0x02D3	0x1E06      	BTFSS      RB4_bit, 4
0x02D4	0x2AF4      	GOTO       L_main114
L__main118:
;MyProject.c,278 :: 		RD0_bit = 0;
0x02D5	0x1008      	BCF        RD0_bit, 0
;MyProject.c,279 :: 		RD1_bit = 0;
0x02D6	0x1088      	BCF        RD1_bit, 1
;MyProject.c,280 :: 		RD2_bit = 0;
0x02D7	0x1108      	BCF        RD2_bit, 2
;MyProject.c,281 :: 		RD3_bit = 0;
0x02D8	0x1188      	BCF        RD3_bit, 3
;MyProject.c,282 :: 		RD4_bit = 0;
0x02D9	0x1208      	BCF        RD4_bit, 4
;MyProject.c,283 :: 		RD5_bit = 0;
0x02DA	0x1288      	BCF        RD5_bit, 5
;MyProject.c,284 :: 		RD6_bit = 0;
0x02DB	0x1308      	BCF        RD6_bit, 6
;MyProject.c,285 :: 		RD7_bit = 0;
0x02DC	0x1388      	BCF        RD7_bit, 7
;MyProject.c,286 :: 		delay_ms(1000);
0x02DD	0x300B      	MOVLW      11
0x02DE	0x00FB      	MOVWF      R11
0x02DF	0x3026      	MOVLW      38
0x02E0	0x00FC      	MOVWF      R12
0x02E1	0x305D      	MOVLW      93
0x02E2	0x00FD      	MOVWF      R13
L_main117:
0x02E3	0x0BFD      	DECFSZ     R13, 1
0x02E4	0x2AE3      	GOTO       L_main117
0x02E5	0x0BFC      	DECFSZ     R12, 1
0x02E6	0x2AE3      	GOTO       L_main117
0x02E7	0x0BFB      	DECFSZ     R11, 1
0x02E8	0x2AE3      	GOTO       L_main117
0x02E9	0x0000      	NOP
0x02EA	0x0000      	NOP
;MyProject.c,287 :: 		RD0_bit = 0;
0x02EB	0x1008      	BCF        RD0_bit, 0
;MyProject.c,288 :: 		RD1_bit = 0;
0x02EC	0x1088      	BCF        RD1_bit, 1
;MyProject.c,289 :: 		RD2_bit = 0;
0x02ED	0x1108      	BCF        RD2_bit, 2
;MyProject.c,290 :: 		RD3_bit = 0;
0x02EE	0x1188      	BCF        RD3_bit, 3
;MyProject.c,291 :: 		RD4_bit = 0;
0x02EF	0x1208      	BCF        RD4_bit, 4
;MyProject.c,292 :: 		RD5_bit = 0;
0x02F0	0x1288      	BCF        RD5_bit, 5
;MyProject.c,293 :: 		RD6_bit = 0;
0x02F1	0x1308      	BCF        RD6_bit, 6
;MyProject.c,294 :: 		RD7_bit = 0;
0x02F2	0x1388      	BCF        RD7_bit, 7
;MyProject.c,295 :: 		}
0x02F3	0x2AB1      	GOTO       L_main113
L_main114:
;MyProject.c,296 :: 		}
L_main112:
;MyProject.c,297 :: 		}
0x02F4	0x2AF4      	GOTO       $+0
; end of _main
Symbol List:
//** Routines locations **
//ADDRESS    SIZE    PROCEDURE
//----------------------------------------------
0x0003       [7]    _____DoICP
0x000A      [12]    ___CC2DW
0x0016     [735]    _main
//** Variables locations ** 
//ADDRESS    SIZE    VARIABLE
//----------------------------------------------
0x0000       [1]    INDF
0x0001       [1]    TMR0
0x0002       [1]    PCL
0x0003       [0]    NOT_TO_bit
0x0003       [0]    DC_bit
0x0003       [0]    Z_bit
0x0003       [1]    STATUS
0x0003       [0]    NOT_PD_bit
0x0003       [0]    C_bit
0x0003       [0]    RP1_bit
0x0003       [0]    RP0_bit
0x0003       [0]    IRP_bit
0x0004       [1]    FSRPTR
0x0004       [1]    FSR
0x0005       [0]    RA5_bit
0x0005       [0]    RA3_bit
0x0005       [1]    PORTA
0x0005       [0]    RA2_bit
0x0005       [0]    RA4_bit
0x0005       [0]    RA1_bit
0x0005       [0]    RA0_bit
0x0006       [0]    RB7_bit
0x0006       [0]    RB0_bit
0x0006       [0]    RB1_bit
0x0006       [0]    RB4_bit
0x0006       [0]    RB5_bit
0x0006       [0]    RB3_bit
0x0006       [1]    PORTB
0x0006       [0]    RB2_bit
0x0006       [0]    RB6_bit
0x0007       [0]    RC1_bit
0x0007       [0]    RC4_bit
0x0007       [0]    RC5_bit
0x0007       [0]    RC7_bit
0x0007       [0]    RC2_bit
0x0007       [1]    PORTC
0x0007       [0]    RC3_bit
0x0007       [0]    RC0_bit
0x0007       [0]    RC6_bit
0x0008       [0]    RD6_bit
0x0008       [0]    RD1_bit
0x0008       [0]    RD0_bit
0x0008       [0]    RD3_bit
0x0008       [0]    RD2_bit
0x0008       [1]    PORTD
0x0008       [0]    RD7_bit
0x0008       [0]    RD5_bit
0x0008       [0]    RD4_bit
0x0009       [0]    RE0_bit
0x0009       [1]    PORTE
0x0009       [0]    RE2_bit
0x0009       [0]    RE1_bit
0x000A       [1]    PCLATH
0x000B       [1]    INTCON
0x000B       [0]    TMR0IE_bit
0x000B       [0]    RBIE_bit
0x000B       [0]    T0IF_bit
0x000B       [0]    RBIF_bit
0x000B       [0]    INTF_bit
0x000B       [0]    GIE_bit
0x000B       [0]    TMR0IF_bit
0x000B       [0]    PEIE_bit
0x000B       [0]    INTE_bit
0x000B       [0]    T0IE_bit
0x000C       [0]    CCP1IF_bit
0x000C       [0]    TMR2IF_bit
0x000C       [0]    TMR1IF_bit
0x000C       [0]    SSPIF_bit
0x000C       [0]    PSPIF_bit
0x000C       [1]    PIR1
0x000C       [0]    ADIF_bit
0x000C       [0]    TXIF_bit
0x000C       [0]    RCIF_bit
0x000D       [1]    PIR2
0x000D       [0]    EEIF_bit
0x000D       [0]    CCP2IF_bit
0x000D       [0]    BCLIF_bit
0x000E       [1]    TMR1L
0x000F       [1]    TMR1H
0x0010       [1]    T1CON
0x0010       [0]    TMR1CS_bit
0x0010       [0]    TMR1ON_bit
0x0010       [0]    T1CKPS1_bit
0x0010       [0]    T1OSCEN_bit
0x0010       [0]    T1CKPS0_bit
0x0010       [0]    T1INSYNC_bit
0x0010       [0]    NOT_T1SYNC_bit
0x0010       [0]    T1SYNC_bit
0x0011       [1]    TMR2
0x0012       [0]    TOUTPS0_bit
0x0012       [0]    TOUTPS3_bit
0x0012       [0]    TOUTPS2_bit
0x0012       [0]    TOUTPS1_bit
0x0012       [0]    TMR2ON_bit
0x0012       [1]    T2CON
0x0012       [0]    T2CKPS1_bit
0x0012       [0]    T2CKPS0_bit
0x0013       [1]    SSPBUF
0x0014       [0]    SSPEN_bit
0x0014       [0]    CKP_bit
0x0014       [1]    SSPCON
0x0014       [0]    SSPOV_bit
0x0014       [0]    SSPM2_bit
0x0014       [0]    WCOL_bit
0x0014       [0]    SSPM0_bit
0x0014       [0]    SSPM1_bit
0x0014       [0]    SSPM3_bit
0x0015       [2]    CCPR1
0x0015       [1]    CCPR1L
0x0016       [1]    CCPR1H
0x0017       [0]    CCP1Y_bit
0x0017       [0]    CCP1X_bit
0x0017       [0]    CCP1M3_bit
0x0017       [1]    CCP1CON
0x0017       [0]    CCP1M2_bit
0x0017       [0]    CCP1M0_bit
0x0017       [0]    CCP1M1_bit
0x0018       [1]    RCSTA
0x0018       [0]    SPEN_bit
0x0018       [0]    RX9_bit
0x0018       [0]    SREN_bit
0x0018       [0]    RCD8_bit
0x0018       [0]    RC8_9_bit
0x0018       [0]    NOT_RC8_bit
0x0018       [0]    RC9_bit
0x0018       [0]    FERR_bit
0x0018       [0]    ADDEN_bit
0x0018       [0]    RX9D_bit
0x0018       [0]    OERR_bit
0x0018       [0]    CREN_bit
0x0019       [1]    TXREG
0x001A       [1]    RCREG
0x001B       [2]    CCPR2
0x001B       [1]    CCPR2L
0x001C       [1]    CCPR2H
0x001D       [0]    CCP2M0_bit
0x001D       [0]    CCP2X_bit
0x001D       [0]    CCP2Y_bit
0x001D       [0]    CCP2M3_bit
0x001D       [0]    CCP2M2_bit
0x001D       [0]    CCP2M1_bit
0x001D       [1]    CCP2CON
0x001E       [1]    ADRESH
0x001F       [0]    ADCS0_bit
0x001F       [0]    CHS2_bit
0x001F       [0]    CHS1_bit
0x001F       [0]    ADCS1_bit
0x001F       [0]    GO_DONE_bit
0x001F       [1]    ADCON0
0x001F       [0]    NOT_DONE_bit
0x001F       [0]    CHS0_bit
0x001F       [0]    GO_NOT_DONE_bit
0x001F       [0]    ADON_bit
0x001F       [0]    GO_bit
0x0020       [2]    ___DoICPAddr
0x0070       [1]    R0
0x0071       [1]    R1
0x0072       [1]    R2
0x0073       [1]    R3
0x0074       [1]    R4
0x0075       [1]    R5
0x0076       [1]    R6
0x0077       [1]    R7
0x0078       [1]    R8
0x0079       [1]    R9
0x007A       [1]    R10
0x007B       [1]    R11
0x007C       [1]    R12
0x007D       [1]    R13
0x007E       [1]    R14
0x007F       [1]    R15
0x0081       [1]    OPTION_REG
0x0081       [0]    T0CS_bit
0x0081       [0]    INTEDG_bit
0x0081       [0]    PSA_bit
0x0081       [0]    T0SE_bit
0x0081       [0]    PS1_bit
0x0081       [0]    PS2_bit
0x0081       [0]    NOT_RBPU_bit
0x0081       [0]    PS0_bit
0x0085       [0]    TRISA4_bit
0x0085       [0]    TRISA5_bit
0x0085       [1]    TRISA
0x0085       [0]    TRISA3_bit
0x0085       [0]    TRISA1_bit
0x0085       [0]    TRISA0_bit
0x0085       [0]    TRISA2_bit
0x0086       [1]    TRISB
0x0086       [0]    TRISB2_bit
0x0086       [0]    TRISB3_bit
0x0086       [0]    TRISB0_bit
0x0086       [0]    TRISB1_bit
0x0086       [0]    TRISB6_bit
0x0086       [0]    TRISB7_bit
0x0086       [0]    TRISB4_bit
0x0086       [0]    TRISB5_bit
0x0087       [0]    TRISC1_bit
0x0087       [0]    TRISC2_bit
0x0087       [1]    TRISC
0x0087       [0]    TRISC0_bit
0x0087       [0]    TRISC3_bit
0x0087       [0]    TRISC6_bit
0x0087       [0]    TRISC7_bit
0x0087       [0]    TRISC4_bit
0x0087       [0]    TRISC5_bit
0x0088       [0]    TRISD3_bit
0x0088       [0]    TRISD4_bit
0x0088       [0]    TRISD1_bit
0x0088       [0]    TRISD2_bit
0x0088       [0]    TRISD7_bit
0x0088       [1]    TRISD
0x0088       [0]    TRISD5_bit
0x0088       [0]    TRISD6_bit
0x0088       [0]    TRISD0_bit
0x0089       [0]    PSPMODE_bit
0x0089       [1]    TRISE
0x0089       [0]    TRISE0_bit
0x0089       [0]    IBF_bit
0x0089       [0]    OBF_bit
0x0089       [0]    IBOV_bit
0x0089       [0]    IBOV_TRISE_bit
0x0089       [0]    OBF_TRISE_bit
0x0089       [0]    IBF_TRISE_bit
0x0089       [0]    PSPMODE_TRISE_bit
0x0089       [0]    TRISE1_bit
0x0089       [0]    TRISE2_bit
0x008C       [0]    CCP1IE_bit
0x008C       [0]    SSPIE_bit
0x008C       [0]    TMR2IE_bit
0x008C       [1]    PIE1
0x008C       [0]    TMR1IE_bit
0x008C       [0]    TXIE_bit
0x008C       [0]    PSPIE_bit
0x008C       [0]    ADIE_bit
0x008C       [0]    RCIE_bit
0x008D       [0]    EEIE_bit
0x008D       [1]    PIE2
0x008D       [0]    CCP2IE_bit
0x008D       [0]    BCLIE_bit
0x008E       [1]    PCON
0x008E       [0]    NOT_BO_bit
0x008E       [0]    NOT_BOR_bit
0x008E       [0]    NOT_POR_bit
0x0091       [1]    SSPCON2
0x0091       [0]    PEN_bit
0x0091       [0]    RCEN_bit
0x0091       [0]    SEN_bit
0x0091       [0]    RSEN_bit
0x0091       [0]    ACKSTAT_bit
0x0091       [0]    GCEN_bit
0x0091       [0]    ACKEN_bit
0x0091       [0]    ACKDT_bit
0x0092       [1]    PR2
0x0093       [1]    SSPADD
0x0094       [0]    I2C_START__bit
0x0094       [0]    I2C_STOP__bit
0x0094       [0]    I2C_READ_bit
0x0094       [0]    R_bit
0x0094       [0]    D_bit
0x0094       [0]    NOT_A_bit
0x0094       [0]    NOT_WRITE_bit
0x0094       [0]    NOT_W_bit
0x0094       [0]    I2C_DATA_bit
0x0094       [0]    NOT_ADDRESS_bit
0x0094       [0]    SMP_bit
0x0094       [0]    DATA_ADDRESS_bit
0x0094       [1]    SSPSTAT
0x0094       [0]    BF_bit
0x0094       [0]    R_W_bit
0x0094       [0]    D_A_bit
0x0094       [0]    READ_WRITE_bit
0x0094       [0]    P_bit
0x0094       [0]    D_NOT_A_bit
0x0094       [0]    CKE_bit
0x0094       [0]    UA_bit
0x0094       [0]    R_NOT_W_bit
0x0094       [0]    S_bit
0x0098       [0]    TXEN_bit
0x0098       [0]    TX8_9_bit
0x0098       [0]    TX9_bit
0x0098       [0]    TXD8_bit
0x0098       [0]    CSRC_bit
0x0098       [0]    NOT_TX8_bit
0x0098       [0]    TRMT_bit
0x0098       [0]    TX9D_bit
0x0098       [0]    BRGH_bit
0x0098       [1]    TXSTA
0x0098       [0]    SYNC_bit
0x0099       [1]    SPBRG
0x009E       [1]    ADRESL
0x009F       [0]    PCFG2_bit
0x009F       [0]    PCFG3_bit
0x009F       [1]    ADCON1
0x009F       [0]    ADFM_bit
0x009F       [0]    PCFG0_bit
0x009F       [0]    PCFG1_bit
0x010C       [1]    EEDATA
0x010D       [1]    EEADR
0x010E       [1]    EEDATH
0x010F       [1]    EEADRH
0x018C       [0]    WREN_bit
0x018C       [0]    WR_bit
0x018C       [0]    RD_bit
0x018C       [0]    WRERR_bit
0x018C       [1]    EECON1
0x018C       [0]    EEPGD_bit
0x018D       [1]    EECON2
//** Label List: ** 
//----------------------------------------------
  L_main0
  L_main1
  L_main2
  L_main3
  L_main4
  L_main5
  L_main6
  L_main7
  L_main8
  L_main9
  L_main10
  L_main11
  L_main12
  L_main13
  L_main14
  L_main15
  L_main16
  L_main17
  L_main18
  L_main19
  L_main20
  L_main21
  L_main22
  L_main23
  L_main24
  L_main25
  L_main26
  L_main27
  L_main28
  L_main29
  L_main30
  L_main31
  L_main32
  L_main33
  L_main34
  L_main35
  L_main36
  L_main37
  L_main38
  L_main39
  L_main40
  L_main41
  L_main42
  L_main43
  L_main44
  L_main45
  L_main46
  L_main47
  L_main48
  L_main49
  L_main50
  L_main51
  L_main52
  L_main53
  L_main54
  L_main55
  L_main56
  L_main57
  L_main58
  L_main59
  L_main60
  L_main61
  L_main62
  L_main63
  L_main64
  L_main65
  L_main66
  L_main67
  L_main68
  L_main69
  L_main70
  L_main71
  L_main72
  L_main73
  L_main74
  L_main75
  L_main76
  L_main77
  L_main78
  L_main79
  L_main80
  L_main81
  L_main82
  L_main83
  L_main84
  L_main85
  L_main86
  L_main87
  L_main88
  L_main89
  L_main90
  L_main91
  L_main92
  L_main93
  L_main94
  L_main95
  L_main96
  L_main97
  L_main98
  L_main99
  L_main100
  L_main101
  L_main102
  L_main103
  L_main104
  L_main105
  L_main106
  L_main107
  L_main108
  L_main109
  L_main110
  L_main111
  L_main112
  L_main113
  L_main114
  L_main115
  L_main116
  L_main117
  L__main118
  L__main119
  L__main120
  L__main121
  L__main122
  L__main123
  L__main124
  L__main125
  L__main126
  L__main127
  L__main128
  L__main129
  L__main130
  L__main131
  L__main132
  L__main133
  L__main134
  L__main135
  L__main136
  L__main137
  L__main138
  L__main139
  L__main140
  L__main141
  L__main142
  L__main143
  L__main144
  L__main145
  L__main146
  L__main147
  L__main148
  L__main149
  _main
  L_loopCA2AWs
  L_CA2AWend
  _CCA2AW_Loop1
  L_loopCS2Ss
  L_CS2Send
  _CCS2S_Loop1
  L_CCS2Send
  L_loopFZinSWs
  L_FZinSend
  _CC2D_Loop1
  L_end_____DoICP
  _____DoICP
  L_end_____DoIFC
  _____DoIFC
  L_end___CA2AW
  ___CA2AW
  L_end___CCA2AW
  ___CCA2AW
  L_end___CS2S
  ___CS2S
  L_end___CCS2S
  ___CCS2S
  L_end___FZinS
  ___FZinS
  L_end___CC2DW
  ___CC2DW
  L_end_Swap
  _Swap
